JvmtiExport can_access_local_variables 0
JvmtiExport can_hotswap_or_post_breakpoint 0
JvmtiExport can_post_on_exceptions 0
# 262 ciObject found
instanceKlass org/codehaus/groovy/util/URLStreams
instanceKlass org/codehaus/groovy/control/SourceExtensionHandler
instanceKlass groovy/lang/GroovyClassLoader$1$$Lambda$107
instanceKlass java/net/URLClassLoader$1
instanceKlass java/net/URLClassLoader$2
instanceKlass org/codehaus/groovy/ast/GenericsType$GenericsTypeName
instanceKlass org/codehaus/groovy/control/customizers/ImportCustomizer$1
instanceKlass java/util/LinkedList$LLSpliterator
instanceKlass org/codehaus/groovy/control/CompilationUnit$$Lambda$106
instanceKlass org/codehaus/groovy/ast/ClassNode$MapOfLists$$Lambda$105
instanceKlass org/codehaus/groovy/ast/ClassNode$MapOfLists$$Lambda$104
instanceKlass org/codehaus/groovy/ast/tools/ParameterUtils$$Lambda$103
instanceKlass java/util/function/BiPredicate
instanceKlass java/lang/invoke/LambdaForm$DMH
instanceKlass org/codehaus/groovy/ast/tools/ParameterUtils
instanceKlass org/codehaus/groovy/ast/ClassNode$$Lambda$102
instanceKlass java/util/HashMap$HashMapSpliterator
instanceKlass java/lang/SecurityManager$$Lambda$101
instanceKlass java/lang/SecurityManager$$Lambda$100
instanceKlass java/lang/SecurityManager$$Lambda$99
instanceKlass java/lang/SecurityManager$$Lambda$98
instanceKlass java/lang/SecurityManager$$Lambda$97
instanceKlass java/lang/SecurityManager$$Lambda$96
instanceKlass java/lang/invoke/LambdaForm$DMH
instanceKlass java/lang/SecurityManager$$Lambda$95
instanceKlass java/lang/SecurityManager$$Lambda$94
instanceKlass java/lang/SecurityManager$$Lambda$93
instanceKlass java/lang/SecurityManager$$Lambda$92
instanceKlass java/lang/invoke/LambdaForm$DMH
instanceKlass java/lang/SecurityManager$$Lambda$91
instanceKlass org/codehaus/groovy/reflection/ReflectionUtils
instanceKlass org/codehaus/groovy/ast/ClassNode$MapOfLists$$Lambda$90
instanceKlass org/codehaus/groovy/runtime/InvokerHelper
instanceKlass jdk/internal/math/FDBigInteger
instanceKlass org/codehaus/groovy/syntax/Numbers
instanceKlass org/codehaus/groovy/ast/tools/GeneralUtils
instanceKlass org/codehaus/groovy/syntax/Types
instanceKlass org/codehaus/groovy/util/ListHashMap
instanceKlass org/codehaus/groovy/ast/VariableScope
instanceKlass org/codehaus/groovy/antlr/AntlrParserPlugin$$Lambda$89
instanceKlass org/codehaus/groovy/antlr/LineColumn
instanceKlass org/codehaus/groovy/antlr/AntlrASTProcessSnippets
instanceKlass org/codehaus/groovy/ast/Comment
instanceKlass groovyjarjarantlr/collections/impl/ASTArray
instanceKlass groovyjarjarantlr/ASTPair
instanceKlass groovyjarjarantlr/ASTFactory
instanceKlass groovyjarjarantlr/TokenQueue
instanceKlass groovyjarjarantlr/TokenBuffer
instanceKlass groovyjarjarantlr/ParserSharedInputState
instanceKlass org/codehaus/groovy/antlr/parser/GroovyLexer$1
instanceKlass groovyjarjarantlr/collections/ASTEnumeration
instanceKlass groovyjarjarantlr/BaseAST
instanceKlass groovyjarjarantlr/Parser
instanceKlass groovyjarjarantlr/collections/impl/BitSet
instanceKlass org/codehaus/groovy/antlr/SourceInfo
instanceKlass groovyjarjarantlr/CharQueue
instanceKlass groovyjarjarantlr/InputBuffer
instanceKlass groovyjarjarantlr/Token
instanceKlass groovyjarjarantlr/Utils
instanceKlass groovyjarjarantlr/ANTLRHashString
instanceKlass groovyjarjarantlr/ANTLRStringBuffer
instanceKlass org/codehaus/groovy/antlr/SourceBuffer
instanceKlass org/codehaus/groovy/antlr/LocationSupport
instanceKlass org/codehaus/groovy/antlr/treewalker/Visitor
instanceKlass groovyjarjarantlr/CharScanner
instanceKlass groovyjarjarantlr/TokenStream
instanceKlass groovyjarjarantlr/LexerSharedInputState
instanceKlass org/codehaus/groovy/antlr/AntlrASTProcessor
instanceKlass groovyjarjarantlr/collections/AST
instanceKlass org/codehaus/groovy/syntax/ASTHelper
instanceKlass org/codehaus/groovy/antlr/parser/GroovyTokenTypes
instanceKlass org/codehaus/groovy/control/ParserPlugin
instanceKlass org/codehaus/groovy/control/CompilationUnit$$Lambda$88
instanceKlass org/codehaus/groovy/control/CompilationUnit$$Lambda$87
instanceKlass org/codehaus/groovy/control/CompilationUnit$ProgressCallback
instanceKlass org/codehaus/groovy/control/io/AbstractReaderSource
instanceKlass groovy/transform/CompilationUnitAware
instanceKlass org/codehaus/groovy/control/CompilationUnit$$Lambda$86
instanceKlass org/codehaus/groovy/control/CompilationUnit$$Lambda$85
instanceKlass org/codehaus/groovy/control/CompilationUnit$$Lambda$84
instanceKlass org/codehaus/groovy/control/CompilationUnit$$Lambda$83
instanceKlass org/codehaus/groovy/transform/ASTTransformationVisitor$$Lambda$82
instanceKlass java/lang/invoke/LambdaForm$DMH
instanceKlass org/codehaus/groovy/transform/ASTTransformationVisitor$$Lambda$81
instanceKlass java/net/URLClassLoader$3$1
instanceKlass java/net/URLClassLoader$3
instanceKlass org/codehaus/groovy/control/CompilationUnit$$Lambda$80
instanceKlass org/codehaus/groovy/transform/ASTTransformationVisitor$PriorityComparator
instanceKlass org/codehaus/groovy/control/CompilationUnit$$Lambda$79
instanceKlass org/codehaus/groovy/control/CompilationUnit$$Lambda$78
instanceKlass org/codehaus/groovy/control/CompilationUnit$$Lambda$77
instanceKlass org/codehaus/groovy/control/CompilationUnit$$Lambda$76
instanceKlass org/codehaus/groovy/control/CompilationUnit$$Lambda$75
instanceKlass org/codehaus/groovy/control/CompilationUnit$$Lambda$74
instanceKlass org/codehaus/groovy/control/CompilationUnit$$Lambda$73
instanceKlass org/codehaus/groovy/control/CompilationUnit$$Lambda$72
instanceKlass org/codehaus/groovy/control/CompilationUnit$$Lambda$71
instanceKlass org/codehaus/groovy/control/CompilationUnit$$Lambda$70
instanceKlass java/lang/invoke/LambdaForm$DMH
instanceKlass org/codehaus/groovy/classgen/GeneratorContext
instanceKlass org/codehaus/groovy/control/CompilationUnit$$Lambda$69
instanceKlass org/codehaus/groovy/control/CompilationUnit$$Lambda$68
instanceKlass java/lang/invoke/LambdaForm$DMH
instanceKlass org/codehaus/groovy/syntax/CSTNode
instanceKlass org/codehaus/groovy/ast/CompileUnit
instanceKlass org/codehaus/groovy/control/ASTTransformationsContext
instanceKlass org/codehaus/groovy/control/CompilationUnit$2
instanceKlass org/codehaus/groovy/control/CompilationUnit$1
instanceKlass groovy/transform/NonSealed
instanceKlass java/beans/Transient
instanceKlass groovy/transform/Internal
instanceKlass groovy/transform/Generated
instanceKlass org/codehaus/groovy/classgen/FinalVariableAnalyzer$VariableNotFinalCallback
instanceKlass org/codehaus/groovy/classgen/BytecodeInstruction
instanceKlass org/codehaus/groovy/classgen/Verifier
instanceKlass groovyjarjarasm/asm/Opcodes
instanceKlass org/codehaus/groovy/ast/expr/ExpressionTransformer
instanceKlass groovy/lang/GroovyInterceptable
instanceKlass java/lang/Override
instanceKlass groovy/transform/Sealed
instanceKlass java/lang/invoke/SerializedLambda
instanceKlass org/codehaus/groovy/ast/ClassNode$$Lambda$67
instanceKlass java/lang/invoke/LambdaForm$DMH
instanceKlass org/codehaus/groovy/vmplugin/v9/Java9$$Lambda$66
instanceKlass org/codehaus/groovy/vmplugin/v9/Java9$$Lambda$65
instanceKlass org/codehaus/groovy/vmplugin/v9/Java9$$Lambda$64
instanceKlass java/util/stream/MatchOps$$Lambda$63
instanceKlass java/util/stream/MatchOps$BooleanTerminalSink
instanceKlass java/util/stream/MatchOps$MatchOp
instanceKlass java/util/stream/MatchOps
instanceKlass org/codehaus/groovy/vmplugin/v9/Java9$$Lambda$62
instanceKlass java/lang/invoke/LambdaForm$DMH
instanceKlass org/codehaus/groovy/vmplugin/v9/Java9$$Lambda$61
instanceKlass java/lang/invoke/LambdaForm$DMH
instanceKlass java/lang/invoke/LambdaForm$DMH
instanceKlass org/codehaus/groovy/vmplugin/v9/Java9$$Lambda$60
instanceKlass java/lang/invoke/LambdaForm$DMH
instanceKlass java/util/stream/ForEachOps$ForEachOp
instanceKlass java/util/stream/ForEachOps
instanceKlass org/codehaus/groovy/vmplugin/v9/Java9$$Lambda$59
instanceKlass java/lang/invoke/LambdaForm$DMH
instanceKlass org/codehaus/groovy/vmplugin/v9/Java9$$Lambda$58
instanceKlass java/util/Spliterators$IteratorSpliterator
instanceKlass jdk/internal/module/SystemModules$all
instanceKlass sun/nio/fs/ExtendedFileSystemProvider
instanceKlass org/codehaus/groovy/vmplugin/v8/Java8
instanceKlass org/codehaus/groovy/runtime/NumberAwareComparator
instanceKlass org/codehaus/groovy/runtime/StreamGroovyMethods
instanceKlass org/codehaus/groovy/runtime/EncodingGroovyMethods
instanceKlass org/codehaus/groovy/reflection/ParameterTypes
instanceKlass groovy/util/BufferedIterator
instanceKlass java/util/TimerTask
instanceKlass org/codehaus/groovy/runtime/DefaultGroovyMethodsSupport
instanceKlass java/util/Collections$UnmodifiableMap$UnmodifiableEntrySet$UnmodifiableEntry
instanceKlass java/util/Collections$UnmodifiableMap$UnmodifiableEntrySet$1
instanceKlass org/codehaus/groovy/vmplugin/VMPluginFactory$$Lambda$57
instanceKlass java/math/MathContext
instanceKlass org/codehaus/groovy/vmplugin/VMPluginFactory
instanceKlass org/apache/groovy/util/concurrent/ConcurrentReferenceHashMap$KeyReference
instanceKlass org/apache/groovy/util/concurrent/ConcurrentReferenceHashMap$HashEntry
instanceKlass org/codehaus/groovy/ast/ClassHelper$ClassHelperCache
instanceKlass org/codehaus/groovy/runtime/GeneratedLambda
instanceKlass org/codehaus/groovy/runtime/GeneratedClosure
instanceKlass groovy/lang/MetaClass
instanceKlass groovy/lang/MetaObjectProtocol
instanceKlass groovy/lang/Range
instanceKlass groovy/lang/Buildable
instanceKlass groovy/lang/Writable
instanceKlass groovy/lang/GroovyObjectSupport
instanceKlass groovy/lang/GroovyObject
instanceKlass groovy/lang/GroovyCallable
instanceKlass org/codehaus/groovy/ast/ClassHelper
instanceKlass org/codehaus/groovy/ast/ClassNode$MapOfLists
instanceKlass org/codehaus/groovy/control/ClassNodeResolver
instanceKlass groovyjarjarasm/asm/ClassVisitor
instanceKlass org/codehaus/groovy/control/CompilationUnit$IGroovyClassOperation
instanceKlass org/codehaus/groovy/control/CompilationUnit$ISourceUnitOperation
instanceKlass java/util/LinkedList$ListItr
instanceKlass groovy/lang/GroovyClassLoader$1
instanceKlass org/codehaus/groovy/runtime/memoize/CommonCache
instanceKlass java/util/concurrent/locks/StampedLock$WNode
instanceKlass java/util/concurrent/locks/StampedLock
instanceKlass org/codehaus/groovy/runtime/memoize/StampedCommonCache
instanceKlass org/codehaus/groovy/runtime/memoize/ValueConvertable
instanceKlass org/codehaus/groovy/runtime/memoize/UnlimitedConcurrentCache
instanceKlass java/net/URLClassLoader$7
instanceKlass jdk/internal/access/JavaNetURLClassLoaderAccess
instanceKlass org/codehaus/groovy/control/CompilationUnit$ClassgenCallback
instanceKlass groovy/lang/GroovyResourceLoader
instanceKlass org/codehaus/groovy/runtime/memoize/EvictableCache
instanceKlass org/codehaus/groovy/runtime/memoize/MemoizeCache
instanceKlass org/codehaus/groovy/control/customizers/ImportCustomizer$Import
instanceKlass com/microsoft/gradle/compile/GradleDefaultImport
instanceKlass org/codehaus/groovy/control/customizers/CompilationCustomizer
instanceKlass org/codehaus/groovy/control/CompilationUnit$IPrimaryClassNodeOperation
instanceKlass org/codehaus/groovy/control/CompilationUnit$PhaseOperation
instanceKlass org/codehaus/groovy/vmplugin/VMPlugin
instanceKlass org/apache/groovy/util/SystemUtil
instanceKlass org/apache/groovy/util/Maps
instanceKlass org/codehaus/groovy/control/ParserPluginFactory
instanceKlass org/codehaus/groovy/control/CompilerConfiguration
instanceKlass org/eclipse/lsp4j/TextDocumentItem
instanceKlass org/eclipse/lsp4j/jsonrpc/RemoteEndpoint$$Lambda$56
instanceKlass org/eclipse/lsp4j/jsonrpc/RemoteEndpoint$$Lambda$55
instanceKlass org/eclipse/lsp4j/FileOperationPatternOptions
instanceKlass org/eclipse/lsp4j/FileOperationPattern
instanceKlass org/eclipse/lsp4j/FileOperationFilter
instanceKlass org/eclipse/lsp4j/FileOperationOptions
instanceKlass org/eclipse/lsp4j/FileOperationsServerCapabilities
instanceKlass org/eclipse/lsp4j/WorkspaceFoldersOptions
instanceKlass org/eclipse/lsp4j/TextDocumentRegistrationOptions
instanceKlass org/eclipse/lsp4j/WorkspaceServerCapabilities
instanceKlass org/eclipse/lsp4j/DocumentOnTypeFormattingOptions
instanceKlass org/eclipse/lsp4j/ServerInfo
instanceKlass java/util/Formatter$Conversion
instanceKlass java/util/Formatter$Flags
instanceKlass java/util/Formatter$FormatSpecifier
instanceKlass java/util/Formatter$FixedString
instanceKlass java/util/Formatter$FormatString
instanceKlass sun/util/resources/Bundles$2
instanceKlass sun/util/resources/LocaleData$LocaleDataResourceBundleProvider
instanceKlass java/util/spi/ResourceBundleProvider
instanceKlass sun/util/locale/provider/JRELocaleProviderAdapter$$Lambda$54
instanceKlass java/text/DecimalFormatSymbols
instanceKlass java/util/Locale$1
instanceKlass java/util/regex/Pattern$BmpCharPredicate$$Lambda$53
instanceKlass java/util/regex/Pattern$$Lambda$52
instanceKlass java/util/Formatter
instanceKlass com/google/gson/internal/Streams
instanceKlass org/eclipse/lsp4j/jsonrpc/RemoteEndpoint$$Lambda$51
instanceKlass java/util/concurrent/CompletableFuture$AsynchronousCompletionTask
instanceKlass java/util/concurrent/ForkJoinPool$WorkQueue
instanceKlass java/util/concurrent/ForkJoinPool$1
instanceKlass java/util/concurrent/ForkJoinPool$DefaultForkJoinWorkerThreadFactory
instanceKlass java/util/concurrent/ForkJoinPool$ForkJoinWorkerThreadFactory
instanceKlass java/util/concurrent/ForkJoinTask
instanceKlass java/util/concurrent/CompletableFuture$AltResult
instanceKlass org/eclipse/lsp4j/SaveOptions
instanceKlass org/eclipse/lsp4j/TextDocumentSyncOptions
instanceKlass org/eclipse/lsp4j/util/Preconditions
instanceKlass com/microsoft/gradle/GradleLanguageServer$$Lambda$50
instanceKlass java/util/stream/ReduceOps$Box
instanceKlass java/util/stream/ReduceOps$AccumulatingSink
instanceKlass java/util/stream/ReduceOps$ReduceOp
instanceKlass java/util/stream/ReduceOps
instanceKlass java/util/stream/Collectors$$Lambda$49
instanceKlass java/util/stream/Collectors$$Lambda$48
instanceKlass java/util/function/BinaryOperator
instanceKlass java/util/stream/Collectors$$Lambda$47
instanceKlass java/util/function/BiConsumer
instanceKlass java/util/stream/Collectors$$Lambda$46
instanceKlass java/util/stream/Collectors$CollectorImpl
instanceKlass java/util/stream/Collector
instanceKlass java/util/stream/Collectors
instanceKlass com/microsoft/gradle/GradleLanguageServer$$Lambda$45
instanceKlass org/eclipse/lsp4j/SemanticTokensLegend
instanceKlass org/eclipse/lsp4j/DocumentFilter
instanceKlass org/eclipse/lsp4j/SemanticTokensServerFull
instanceKlass org/eclipse/lsp4j/AbstractWorkDoneProgressOptions
instanceKlass org/eclipse/lsp4j/WorkDoneProgressOptions
instanceKlass org/eclipse/lsp4j/ServerCapabilities
instanceKlass sun/nio/fs/WindowsPath$1
instanceKlass sun/nio/cs/ThreadLocalCoders$Cache
instanceKlass sun/nio/cs/ThreadLocalCoders
instanceKlass sun/nio/fs/WindowsUriSupport
instanceKlass com/google/gson/internal/bind/ObjectTypeAdapter$2
instanceKlass com/google/gson/internal/LinkedTreeMap$LinkedTreeMapIterator
instanceKlass com/google/gson/internal/ConstructorConstructor$13
instanceKlass java/util/concurrent/ConcurrentNavigableMap
instanceKlass com/google/gson/internal/LinkedTreeMap$Node
instanceKlass com/google/gson/internal/LinkedTreeMap$1
instanceKlass com/google/gson/internal/bind/TypeAdapters$34
instanceKlass org/eclipse/lsp4j/jsonrpc/json/adapters/JsonElementTypeAdapter$Factory
instanceKlass org/eclipse/lsp4j/MarkdownCapabilities
instanceKlass org/eclipse/lsp4j/RegularExpressionsCapabilities
instanceKlass org/eclipse/lsp4j/WindowShowMessageRequestActionItemCapabilities
instanceKlass org/eclipse/lsp4j/ShowDocumentCapabilities
instanceKlass org/eclipse/lsp4j/WindowShowMessageRequestCapabilities
instanceKlass org/eclipse/lsp4j/SemanticTokensClientCapabilitiesRequestsFull
instanceKlass com/google/gson/internal/UnsafeAllocator
instanceKlass com/google/gson/internal/ConstructorConstructor$14
instanceKlass org/eclipse/lsp4j/SemanticTokensClientCapabilitiesRequests
instanceKlass org/eclipse/lsp4j/jsonrpc/json/adapters/EitherTypeAdapter$EitherTypeArgument
instanceKlass org/eclipse/lsp4j/DiagnosticsTagSupport
instanceKlass org/eclipse/lsp4j/CodeActionKindCapabilities
instanceKlass org/eclipse/lsp4j/CodeActionResolveSupportCapabilities
instanceKlass org/eclipse/lsp4j/CodeActionLiteralSupportCapabilities
instanceKlass org/eclipse/lsp4j/ParameterInformationCapabilities
instanceKlass org/eclipse/lsp4j/SignatureInformationCapabilities
instanceKlass org/eclipse/lsp4j/CompletionItemInsertTextModeSupportCapabilities
instanceKlass org/eclipse/lsp4j/CompletionItemResolveSupportCapabilities
instanceKlass org/eclipse/lsp4j/CompletionItemTagSupportCapabilities
instanceKlass org/eclipse/lsp4j/CompletionItemCapabilities
instanceKlass org/eclipse/lsp4j/CompletionItemKindCapabilities
instanceKlass org/eclipse/lsp4j/PublishDiagnosticsCapabilities
instanceKlass org/eclipse/lsp4j/SymbolTagSupportCapabilities
instanceKlass org/eclipse/lsp4j/SymbolKindCapabilities
instanceKlass org/eclipse/lsp4j/jsonrpc/json/adapters/CollectionTypeAdapter$Factory$$Lambda$44
instanceKlass org/eclipse/lsp4j/jsonrpc/json/adapters/TypeUtils$ParameterizedTypeImpl
instanceKlass org/eclipse/lsp4j/WorkspaceEditChangeAnnotationSupportCapabilities
instanceKlass org/eclipse/lsp4j/CodeLensWorkspaceCapabilities
instanceKlass org/eclipse/lsp4j/SemanticTokensWorkspaceCapabilities
instanceKlass org/eclipse/lsp4j/DynamicRegistrationCapabilities
instanceKlass org/eclipse/lsp4j/WorkspaceEditCapabilities
instanceKlass org/eclipse/lsp4j/GeneralClientCapabilities
instanceKlass org/eclipse/lsp4j/WindowClientCapabilities
instanceKlass org/eclipse/lsp4j/TextDocumentClientCapabilities
instanceKlass org/eclipse/lsp4j/WorkspaceClientCapabilities
instanceKlass org/eclipse/lsp4j/ClientCapabilities
instanceKlass com/google/gson/internal/Primitives
instanceKlass org/eclipse/lsp4j/jsonrpc/validation/NonNull
instanceKlass com/google/gson/annotations/SerializedName
instanceKlass org/eclipse/lsp4j/ClientInfo
instanceKlass org/eclipse/lsp4j/adapters/InitializeParamsTypeAdapter$Factory
instanceKlass com/google/gson/annotations/JsonAdapter
instanceKlass org/eclipse/lsp4j/jsonrpc/messages/Tuple$Two
instanceKlass org/eclipse/lsp4j/jsonrpc/messages/Tuple
instanceKlass org/eclipse/lsp4j/jsonrpc/json/adapters/TypeUtils
instanceKlass org/eclipse/lsp4j/jsonrpc/json/StreamMessageProducer$Headers
instanceKlass java/util/IdentityHashMap$IdentityHashMapIterator
instanceKlass org/eclipse/lsp4j/jsonrpc/json/ConcurrentMessageProcessor$1
instanceKlass java/util/concurrent/Executors$RunnableAdapter
instanceKlass java/util/concurrent/Callable
instanceKlass java/util/concurrent/FutureTask$WaitNode
instanceKlass java/util/concurrent/FutureTask
instanceKlass java/util/concurrent/RunnableFuture
instanceKlass org/eclipse/lsp4j/jsonrpc/StandardLauncher
instanceKlass java/util/concurrent/locks/AbstractQueuedSynchronizer$ConditionObject
instanceKlass java/util/concurrent/locks/Condition
instanceKlass java/util/concurrent/Executors$DefaultThreadFactory
