#
# There is insufficient memory for the Java Runtime Environment to continue.
# Native memory allocation (malloc) failed to allocate 32744 bytes for ChunkPool::allocate
# Possible reasons:
#   The system is out of physical RAM or swap space
#   The process is running with CompressedOops enabled, and the Java Heap may be blocking the growth of the native heap
# Possible solutions:
#   Reduce memory load on the system
#   Increase physical memory or swap space
#   Check if swap backing store is full
#   Decrease Java heap size (-Xmx/-Xms)
#   Decrease number of Java threads
#   Decrease Java thread stack sizes (-Xss)
#   Set larger code cache with -XX:ReservedCodeCacheSize=
#   JVM is running with Unscaled Compressed Oops mode in which the Java heap is
#     placed in the first 4GB address space. The Java Heap base address is the
#     maximum limit for the native heap growth. Please use -XX:HeapBaseMinAddress
#     to set the Java Heap base and to place the Java Heap above 4GB virtual address.
# This output file may be truncated or incomplete.
#
#  Out of Memory Error (./open/src/hotspot/share/memory/arena.cpp:81), pid=17424, tid=7856
#
# JRE version: Java(TM) SE Runtime Environment 18.9 (11.0.18+9) (build 11.0.18+9-LTS-195)
# Java VM: Java HotSpot(TM) 64-Bit Server VM 18.9 (11.0.18+9-LTS-195, mixed mode, tiered, compressed oops, g1 gc, windows-amd64)
# No core dump will be written. Minidumps are not enabled by default on client versions of Windows
#

---------------  S U M M A R Y ------------

Command Line: -Xmx64m -Xms64m -Dorg.gradle.appname=gradlew org.gradle.wrapper.GradleWrapperMain app:installDebug -PreactNativeDevServerPort=8081

Host: Intel(R) Core(TM) i7-3740QM CPU @ 2.70GHz, 8 cores, 11G,  Windows 10 , 64 bit Build 19041 (10.0.19041.2788)
Time: Wed May  3 19:37:10 2023  Windows 10 , 64 bit Build 19041 (10.0.19041.2788) elapsed time: 31.523178 seconds (0d 0h 0m 31s)

---------------  T H R E A D  ---------------

Current thread (0x000001c88fd05800):  JavaThread "C1 CompilerThread0" daemon [_thread_in_native, id=7856, stack(0x0000000cdba00000,0x0000000cdbb00000)]


Current CompileTask:
C1:  31523 1594       3       java.net.URLStreamHandler::parseURL (1201 bytes)

Stack: [0x0000000cdba00000,0x0000000cdbb00000]
Native frames: (J=compiled Java code, j=interpreted, Vv=VM code, C=native code)
V  [jvm.dll+0x65d8aa]
V  [jvm.dll+0x79fc1f]
V  [jvm.dll+0x7a12e9]
V  [jvm.dll+0x7a1983]
V  [jvm.dll+0x2585b5]
V  [jvm.dll+0xb2abf]
V  [jvm.dll+0xb2e0c]
V  [jvm.dll+0x1425d8]
V  [jvm.dll+0x141448]
V  [jvm.dll+0x129a14]
V  [jvm.dll+0x129cb0]
V  [jvm.dll+0x129f72]
V  [jvm.dll+0x1292c9]
V  [jvm.dll+0x12b118]
V  [jvm.dll+0x220609]
V  [jvm.dll+0x21e92c]
V  [jvm.dll+0x763f61]
V  [jvm.dll+0x75c924]
V  [jvm.dll+0x65c755]
C  [ucrtbase.dll+0x21bb2]
C  [KERNEL32.DLL+0x17604]
C  [ntdll.dll+0x526a1]


---------------  P R O C E S S  ---------------

Threads class SMR info:
_java_thread_list=0x000001c891539260, length=10, elements={
0x000001c8f5db3000, 0x000001c88fc72000, 0x000001c88fc9b800, 0x000001c88fcf6000,
0x000001c88fcf7000, 0x000001c88fcf8000, 0x000001c88fcfb800, 0x000001c88fd05800,
0x000001c88fd07800, 0x000001c88ff8a000
}

Java Threads: ( => current thread )
  0x000001c8f5db3000 JavaThread "main" [_thread_blocked, id=16988, stack(0x0000000cdad00000,0x0000000cdae00000)]
  0x000001c88fc72000 JavaThread "Reference Handler" daemon [_thread_blocked, id=15824, stack(0x0000000cdb400000,0x0000000cdb500000)]
  0x000001c88fc9b800 JavaThread "Finalizer" daemon [_thread_blocked, id=16316, stack(0x0000000cdb500000,0x0000000cdb600000)]
  0x000001c88fcf6000 JavaThread "Signal Dispatcher" daemon [_thread_blocked, id=4652, stack(0x0000000cdb600000,0x0000000cdb700000)]
  0x000001c88fcf7000 JavaThread "Attach Listener" daemon [_thread_blocked, id=7892, stack(0x0000000cdb700000,0x0000000cdb800000)]
  0x000001c88fcf8000 JavaThread "Service Thread" daemon [_thread_blocked, id=15144, stack(0x0000000cdb800000,0x0000000cdb900000)]
  0x000001c88fcfb800 JavaThread "C2 CompilerThread0" daemon [_thread_blocked, id=2040, stack(0x0000000cdb900000,0x0000000cdba00000)]
=>0x000001c88fd05800 JavaThread "C1 CompilerThread0" daemon [_thread_in_native, id=7856, stack(0x0000000cdba00000,0x0000000cdbb00000)]
  0x000001c88fd07800 JavaThread "Sweeper thread" daemon [_thread_blocked, id=8404, stack(0x0000000cdbb00000,0x0000000cdbc00000)]
  0x000001c88ff8a000 JavaThread "Common-Cleaner" daemon [_thread_blocked, id=5204, stack(0x0000000cdbd00000,0x0000000cdbe00000)]

Other Threads:
  0x000001c88fc6f800 VMThread "VM Thread" [stack: 0x0000000cdb300000,0x0000000cdb400000] [id=16840]
  0x000001c88ff83800 WatcherThread [stack: 0x0000000cdbc00000,0x0000000cdbd00000] [id=18320]
  0x000001c8f5dc8000 GCTaskThread "GC Thread#0" [stack: 0x0000000cdae00000,0x0000000cdaf00000] [id=16068]
  0x000001c89101c800 GCTaskThread "GC Thread#1" [stack: 0x0000000cdbf00000,0x0000000cdc000000] [id=12568]
  0x000001c890fd9800 GCTaskThread "GC Thread#2" [stack: 0x0000000cdc000000,0x0000000cdc100000] [id=15444]
  0x000001c890fca000 GCTaskThread "GC Thread#3" [stack: 0x0000000cdc200000,0x0000000cdc300000] [id=15448]
  0x000001c8f5dd2800 ConcurrentGCThread "G1 Main Marker" [stack: 0x0000000cdaf00000,0x0000000cdb000000] [id=7424]
  0x000001c8f5dd6000 ConcurrentGCThread "G1 Conc#0" [stack: 0x0000000cdb000000,0x0000000cdb100000] [id=2724]
  0x000001c8f5e3d000 ConcurrentGCThread "G1 Refine#0" [stack: 0x0000000cdb100000,0x0000000cdb200000] [id=9676]
  0x000001c8f5e3e000 ConcurrentGCThread "G1 Young RemSet Sampling" [stack: 0x0000000cdb200000,0x0000000cdb300000] [id=16000]

Threads with active compile tasks:
C1 CompilerThread0    31565 1594       3       java.net.URLStreamHandler::parseURL (1201 bytes)

VM state:not at safepoint (normal execution)

VM Mutex/Monitor currently owned by a thread: None

Heap address: 0x00000000fc000000, size: 64 MB, Compressed Oops mode: 32-bit
Narrow klass base: 0x0000000000000000, Narrow klass shift: 3
Compressed class space size: 1073741824 Address: 0x0000000100000000

Heap:
 garbage-first heap   total 65536K, used 15351K [0x00000000fc000000, 0x0000000100000000)
  region size 1024K, 7 young (7168K), 2 survivors (2048K)
 Metaspace       used 17117K, capacity 17543K, committed 17792K, reserved 1064960K
  class space    used 1936K, capacity 2081K, committed 2176K, reserved 1048576K
Heap Regions: E=young(eden), S=young(survivor), O=old, HS=humongous(starts), HC=humongous(continues), CS=collection set, F=free, A=archive, TAMS=top-at-mark-start (previous, next)
|   0|0x00000000fc000000, 0x00000000fc100000, 0x00000000fc100000|100%| O|  |TAMS 0x00000000fc000000, 0x00000000fc000000| Untracked 
|   1|0x00000000fc100000, 0x00000000fc200000, 0x00000000fc200000|100%| O|  |TAMS 0x00000000fc100000, 0x00000000fc100000| Untracked 
|   2|0x00000000fc200000, 0x00000000fc264400, 0x00000000fc300000| 39%| O|  |TAMS 0x00000000fc200000, 0x00000000fc200000| Untracked 
|   3|0x00000000fc300000, 0x00000000fc400000, 0x00000000fc400000|100%|HS|  |TAMS 0x00000000fc300000, 0x00000000fc300000| Complete 
|   4|0x00000000fc400000, 0x00000000fc500000, 0x00000000fc500000|100%|HC|  |TAMS 0x00000000fc400000, 0x00000000fc400000| Complete 
|   5|0x00000000fc500000, 0x00000000fc600000, 0x00000000fc600000|100%|HC|  |TAMS 0x00000000fc500000, 0x00000000fc500000| Complete 
|   6|0x00000000fc600000, 0x00000000fc700000, 0x00000000fc700000|100%| O|  |TAMS 0x00000000fc600000, 0x00000000fc600000| Untracked 
|   7|0x00000000fc700000, 0x00000000fc800000, 0x00000000fc800000|100%| O|  |TAMS 0x00000000fc700000, 0x00000000fc700000| Untracked 
|   8|0x00000000fc800000, 0x00000000fc900000, 0x00000000fc900000|100%| O|  |TAMS 0x00000000fc800000, 0x00000000fc800000| Untracked 
|   9|0x00000000fc900000, 0x00000000fca00000, 0x00000000fca00000|100%| O|  |TAMS 0x00000000fc900000, 0x00000000fc900000| Untracked 
|  10|0x00000000fca00000, 0x00000000fca00000, 0x00000000fcb00000|  0%| F|  |TAMS 0x00000000fca00000, 0x00000000fca00000| Untracked 
|  11|0x00000000fcb00000, 0x00000000fcb00000, 0x00000000fcc00000|  0%| F|  |TAMS 0x00000000fcb00000, 0x00000000fcb00000| Untracked 
|  12|0x00000000fcc00000, 0x00000000fcc00000, 0x00000000fcd00000|  0%| F|  |TAMS 0x00000000fcc00000, 0x00000000fcc00000| Untracked 
|  13|0x00000000fcd00000, 0x00000000fcd00000, 0x00000000fce00000|  0%| F|  |TAMS 0x00000000fcd00000, 0x00000000fcd00000| Untracked 
|  14|0x00000000fce00000, 0x00000000fce00000, 0x00000000fcf00000|  0%| F|  |TAMS 0x00000000fce00000, 0x00000000fce00000| Untracked 
|  15|0x00000000fcf00000, 0x00000000fcf00000, 0x00000000fd000000|  0%| F|  |TAMS 0x00000000fcf00000, 0x00000000fcf00000| Untracked 
|  16|0x00000000fd000000, 0x00000000fd000000, 0x00000000fd100000|  0%| F|  |TAMS 0x00000000fd000000, 0x00000000fd000000| Untracked 
|  17|0x00000000fd100000, 0x00000000fd100000, 0x00000000fd200000|  0%| F|  |TAMS 0x00000000fd100000, 0x00000000fd100000| Untracked 
|  18|0x00000000fd200000, 0x00000000fd200000, 0x00000000fd300000|  0%| F|  |TAMS 0x00000000fd200000, 0x00000000fd200000| Untracked 
|  19|0x00000000fd300000, 0x00000000fd300000, 0x00000000fd400000|  0%| F|  |TAMS 0x00000000fd300000, 0x00000000fd300000| Untracked 
|  20|0x00000000fd400000, 0x00000000fd400000, 0x00000000fd500000|  0%| F|  |TAMS 0x00000000fd400000, 0x00000000fd400000| Untracked 
|  21|0x00000000fd500000, 0x00000000fd500000, 0x00000000fd600000|  0%| F|  |TAMS 0x00000000fd500000, 0x00000000fd500000| Untracked 
|  22|0x00000000fd600000, 0x00000000fd600000, 0x00000000fd700000|  0%| F|  |TAMS 0x00000000fd600000, 0x00000000fd600000| Untracked 
|  23|0x00000000fd700000, 0x00000000fd700000, 0x00000000fd800000|  0%| F|  |TAMS 0x00000000fd700000, 0x00000000fd700000| Untracked 
|  24|0x00000000fd800000, 0x00000000fd800000, 0x00000000fd900000|  0%| F|  |TAMS 0x00000000fd800000, 0x00000000fd800000| Untracked 
|  25|0x00000000fd900000, 0x00000000fd900000, 0x00000000fda00000|  0%| F|  |TAMS 0x00000000fd900000, 0x00000000fd900000| Untracked 
|  26|0x00000000fda00000, 0x00000000fda00000, 0x00000000fdb00000|  0%| F|  |TAMS 0x00000000fda00000, 0x00000000fda00000| Untracked 
|  27|0x00000000fdb00000, 0x00000000fdb00000, 0x00000000fdc00000|  0%| F|  |TAMS 0x00000000fdb00000, 0x00000000fdb00000| Untracked 
|  28|0x00000000fdc00000, 0x00000000fdc00000, 0x00000000fdd00000|  0%| F|  |TAMS 0x00000000fdc00000, 0x00000000fdc00000| Untracked 
|  29|0x00000000fdd00000, 0x00000000fdd00000, 0x00000000fde00000|  0%| F|  |TAMS 0x00000000fdd00000, 0x00000000fdd00000| Untracked 
|  30|0x00000000fde00000, 0x00000000fde00000, 0x00000000fdf00000|  0%| F|  |TAMS 0x00000000fde00000, 0x00000000fde00000| Untracked 
|  31|0x00000000fdf00000, 0x00000000fdf00000, 0x00000000fe000000|  0%| F|  |TAMS 0x00000000fdf00000, 0x00000000fdf00000| Untracked 
|  32|0x00000000fe000000, 0x00000000fe000000, 0x00000000fe100000|  0%| F|  |TAMS 0x00000000fe000000, 0x00000000fe000000| Untracked 
|  33|0x00000000fe100000, 0x00000000fe100000, 0x00000000fe200000|  0%| F|  |TAMS 0x00000000fe100000, 0x00000000fe100000| Untracked 
|  34|0x00000000fe200000, 0x00000000fe200000, 0x00000000fe300000|  0%| F|  |TAMS 0x00000000fe200000, 0x00000000fe200000| Untracked 
|  35|0x00000000fe300000, 0x00000000fe300000, 0x00000000fe400000|  0%| F|  |TAMS 0x00000000fe300000, 0x00000000fe300000| Untracked 
|  36|0x00000000fe400000, 0x00000000fe400000, 0x00000000fe500000|  0%| F|  |TAMS 0x00000000fe400000, 0x00000000fe400000| Untracked 
|  37|0x00000000fe500000, 0x00000000fe500000, 0x00000000fe600000|  0%| F|  |TAMS 0x00000000fe500000, 0x00000000fe500000| Untracked 
|  38|0x00000000fe600000, 0x00000000fe600000, 0x00000000fe700000|  0%| F|  |TAMS 0x00000000fe600000, 0x00000000fe600000| Untracked 
|  39|0x00000000fe700000, 0x00000000fe700000, 0x00000000fe800000|  0%| F|  |TAMS 0x00000000fe700000, 0x00000000fe700000| Untracked 
|  40|0x00000000fe800000, 0x00000000fe800000, 0x00000000fe900000|  0%| F|  |TAMS 0x00000000fe800000, 0x00000000fe800000| Untracked 
|  41|0x00000000fe900000, 0x00000000fe999b48, 0x00000000fea00000| 60%| S|CS|TAMS 0x00000000fe900000, 0x00000000fe900000| Complete 
|  42|0x00000000fea00000, 0x00000000feb00000, 0x00000000feb00000|100%| S|CS|TAMS 0x00000000fea00000, 0x00000000fea00000| Complete 
|  43|0x00000000feb00000, 0x00000000feb00000, 0x00000000fec00000|  0%| F|  |TAMS 0x00000000feb00000, 0x00000000feb00000| Untracked 
|  44|0x00000000fec00000, 0x00000000fec00000, 0x00000000fed00000|  0%| F|  |TAMS 0x00000000fec00000, 0x00000000fec00000| Untracked 
|  45|0x00000000fed00000, 0x00000000fed00000, 0x00000000fee00000|  0%| F|  |TAMS 0x00000000fed00000, 0x00000000fed00000| Untracked 
|  46|0x00000000fee00000, 0x00000000fee00000, 0x00000000fef00000|  0%| F|  |TAMS 0x00000000fee00000, 0x00000000fee00000| Untracked 
|  47|0x00000000fef00000, 0x00000000fef00000, 0x00000000ff000000|  0%| F|  |TAMS 0x00000000fef00000, 0x00000000fef00000| Untracked 
|  48|0x00000000ff000000, 0x00000000ff000000, 0x00000000ff100000|  0%| F|  |TAMS 0x00000000ff000000, 0x00000000ff000000| Untracked 
|  49|0x00000000ff100000, 0x00000000ff100000, 0x00000000ff200000|  0%| F|  |TAMS 0x00000000ff100000, 0x00000000ff100000| Untracked 
|  50|0x00000000ff200000, 0x00000000ff200000, 0x00000000ff300000|  0%| F|  |TAMS 0x00000000ff200000, 0x00000000ff200000| Untracked 
|  51|0x00000000ff300000, 0x00000000ff300000, 0x00000000ff400000|  0%| F|  |TAMS 0x00000000ff300000, 0x00000000ff300000| Untracked 
|  52|0x00000000ff400000, 0x00000000ff400000, 0x00000000ff500000|  0%| F|  |TAMS 0x00000000ff400000, 0x00000000ff400000| Untracked 
|  53|0x00000000ff500000, 0x00000000ff500000, 0x00000000ff600000|  0%| F|  |TAMS 0x00000000ff500000, 0x00000000ff500000| Untracked 
|  54|0x00000000ff600000, 0x00000000ff600000, 0x00000000ff700000|  0%| F|  |TAMS 0x00000000ff600000, 0x00000000ff600000| Untracked 
|  55|0x00000000ff700000, 0x00000000ff700000, 0x00000000ff800000|  0%| F|  |TAMS 0x00000000ff700000, 0x00000000ff700000| Untracked 
|  56|0x00000000ff800000, 0x00000000ff800000, 0x00000000ff900000|  0%| F|  |TAMS 0x00000000ff800000, 0x00000000ff800000| Untracked 
|  57|0x00000000ff900000, 0x00000000ff900000, 0x00000000ffa00000|  0%| F|  |TAMS 0x00000000ff900000, 0x00000000ff900000| Untracked 
|  58|0x00000000ffa00000, 0x00000000ffa00000, 0x00000000ffb00000|  0%| F|  |TAMS 0x00000000ffa00000, 0x00000000ffa00000| Untracked 
|  59|0x00000000ffb00000, 0x00000000ffc00000, 0x00000000ffc00000|100%| E|  |TAMS 0x00000000ffb00000, 0x00000000ffb00000| Complete 
|  60|0x00000000ffc00000, 0x00000000ffd00000, 0x00000000ffd00000|100%| E|CS|TAMS 0x00000000ffc00000, 0x00000000ffc00000| Complete 
|  61|0x00000000ffd00000, 0x00000000ffe00000, 0x00000000ffe00000|100%| E|CS|TAMS 0x00000000ffd00000, 0x00000000ffd00000| Complete 
|  62|0x00000000ffe00000, 0x00000000fff00000, 0x00000000fff00000|100%| E|CS|TAMS 0x00000000ffe00000, 0x00000000ffe00000| Complete 
|  63|0x00000000fff00000, 0x0000000100000000, 0x0000000100000000|100%| E|CS|TAMS 0x00000000fff00000, 0x00000000fff00000| Complete 

Card table byte_map: [0x000001c8f5cc0000,0x000001c8f5ce0000] _byte_map_base: 0x000001c8f54e0000

Marking Bits (Prev, Next): (CMBitMap*) 0x000001c8f5dd16d8, (CMBitMap*) 0x000001c8f5dd1710
 Prev Bits: [0x000001c8fd7c0000, 0x000001c8fd8c0000)
 Next Bits: [0x000001c8fd8c0000, 0x000001c8fd9c0000)

Polling page: 0x000001c8f3d80000

Metaspace:

Usage:
  Non-class:     15.10 MB capacity,    14.82 MB ( 98%) used,   254.31 KB (  2%) free+waste,    27.38 KB ( <1%) overhead. 
      Class:      2.03 MB capacity,     1.89 MB ( 93%) used,   130.24 KB (  6%) free+waste,    13.94 KB ( <1%) overhead. 
       Both:     17.13 MB capacity,    16.72 MB ( 98%) used,   384.55 KB (  2%) free+waste,    41.31 KB ( <1%) overhead. 

Virtual space:
  Non-class space:       16.00 MB reserved,      15.25 MB ( 95%) committed 
      Class space:        1.00 GB reserved,       2.12 MB ( <1%) committed 
             Both:        1.02 GB reserved,      17.38 MB (  2%) committed 

Chunk freelists:
   Non-Class:  3.25 KB
       Class:  0 bytes
        Both:  3.25 KB

CodeHeap 'non-profiled nmethods': size=120000Kb used=548Kb max_used=548Kb free=119451Kb
 bounds [0x000001c887ad0000, 0x000001c887d40000, 0x000001c88f000000]
CodeHeap 'profiled nmethods': size=120000Kb used=3117Kb max_used=3117Kb free=116882Kb
 bounds [0x000001c8805a0000, 0x000001c8808b0000, 0x000001c887ad0000]
CodeHeap 'non-nmethods': size=5760Kb used=1112Kb max_used=1123Kb free=4647Kb
 bounds [0x000001c880000000, 0x000001c880270000, 0x000001c8805a0000]
 total_blobs=2031 nmethods=1593 adapters=350
 compilation: enabled
              stopped_count=0, restarted_count=0
 full_count=0

Compilation events (10 events):
Event: 31.480 Thread 0x000001c88fd05800 nmethod 1592 0x000001c8808a4410 code [0x000001c8808a4b20, 0x000001c8808a7938]
Event: 31.480 Thread 0x000001c88fd05800 1595       3       java.io.ObjectInputStream$HandleTable::markDependency (175 bytes)
Event: 31.481 Thread 0x000001c88fd05800 nmethod 1595 0x000001c8808a9590 code [0x000001c8808a97e0, 0x000001c8808aa268]
Event: 31.481 Thread 0x000001c88fd05800 1591       3       java.io.ObjectInputStream$GetFieldImpl::get (67 bytes)
Event: 31.482 Thread 0x000001c88fd05800 nmethod 1591 0x000001c8808aa610 code [0x000001c8808aa800, 0x000001c8808aacf8]
Event: 31.482 Thread 0x000001c88fd05800 1589       1       java.io.ObjectInputStream$HandleTable::size (5 bytes)
Event: 31.482 Thread 0x000001c88fd05800 nmethod 1589 0x000001c887b59090 code [0x000001c887b59220, 0x000001c887b592d8]
Event: 31.482 Thread 0x000001c88fd05800 1593       3       sun.net.www.protocol.file.Handler::parseURL (18 bytes)
Event: 31.483 Thread 0x000001c88fd05800 nmethod 1593 0x000001c8808ab010 code [0x000001c8808ab1c0, 0x000001c8808ab358]
Event: 31.483 Thread 0x000001c88fd05800 1594       3       java.net.URLStreamHandler::parseURL (1201 bytes)

GC Heap History (4 events):
Event: 1.460 GC heap before
{Heap before GC invocations=0 (full 0):
 garbage-first heap   total 65536K, used 30720K [0x00000000fc000000, 0x0000000100000000)
  region size 1024K, 24 young (24576K), 0 survivors (0K)
 Metaspace       used 10443K, capacity 10722K, committed 11008K, reserved 1058816K
  class space    used 1072K, capacity 1167K, committed 1280K, reserved 1048576K
}
Event: 1.470 GC heap after
{Heap after GC invocations=1 (full 0):
 garbage-first heap   total 65536K, used 9330K [0x00000000fc000000, 0x0000000100000000)
  region size 1024K, 3 young (3072K), 3 survivors (3072K)
 Metaspace       used 10443K, capacity 10722K, committed 11008K, reserved 1058816K
  class space    used 1072K, capacity 1167K, committed 1280K, reserved 1048576K
}
Event: 5.436 GC heap before
{Heap before GC invocations=1 (full 0):
 garbage-first heap   total 65536K, used 30834K [0x00000000fc000000, 0x0000000100000000)
  region size 1024K, 24 young (24576K), 3 survivors (3072K)
 Metaspace       used 15048K, capacity 15409K, committed 15488K, reserved 1062912K
  class space    used 1718K, capacity 1845K, committed 1920K, reserved 1048576K
}
Event: 5.441 GC heap after
{Heap after GC invocations=2 (full 0):
 garbage-first heap   total 65536K, used 11255K [0x00000000fc000000, 0x0000000100000000)
  region size 1024K, 2 young (2048K), 2 survivors (2048K)
 Metaspace       used 15048K, capacity 15409K, committed 15488K, reserved 1062912K
  class space    used 1718K, capacity 1845K, committed 1920K, reserved 1048576K
}

Deoptimization events (10 events):
Event: 1.447 Thread 0x000001c8f5db3000 Uncommon trap: reason=unstable_if action=reinterpret pc=0x000001c887ad7870 method=java.lang.String.isLatin1()Z @ 10 c2
Event: 1.447 Thread 0x000001c8f5db3000 Uncommon trap: reason=unstable_if action=reinterpret pc=0x000001c887adb458 method=java.lang.String.isLatin1()Z @ 10 c2
Event: 1.861 Thread 0x000001c8f5db3000 Uncommon trap: reason=unstable_if action=reinterpret pc=0x000001c887b23bd0 method=java.util.HashMap.getNode(ILjava/lang/Object;)Ljava/util/HashMap$Node; @ 129 c2
Event: 5.248 Thread 0x000001c8f5db3000 Uncommon trap: reason=unstable_if action=reinterpret pc=0x000001c887b2618c method=java.util.concurrent.ConcurrentHashMap.putVal(Ljava/lang/Object;Ljava/lang/Object;Z)Ljava/lang/Object; @ 256 c2
Event: 5.509 Thread 0x000001c891356800 Uncommon trap: reason=unstable_if action=reinterpret pc=0x000001c887b03120 method=java.lang.AbstractStringBuilder.putStringAt(ILjava/lang/String;)V @ 8 c2
Event: 5.509 Thread 0x000001c891356800 Uncommon trap: reason=unstable_if action=reinterpret pc=0x000001c887b04cf0 method=java.lang.AbstractStringBuilder.putStringAt(ILjava/lang/String;)V @ 8 c2
Event: 5.509 Thread 0x000001c891356800 Uncommon trap: reason=unstable_if action=reinterpret pc=0x000001c887b15ed8 method=java.lang.AbstractStringBuilder.isLatin1()Z @ 10 c2
Event: 5.509 Thread 0x000001c891356800 Uncommon trap: reason=unstable_if action=reinterpret pc=0x000001c887b03ce0 method=java.lang.String.getBytes([BIB)V @ 5 c2
Event: 5.509 Thread 0x000001c891356800 Uncommon trap: reason=unstable_if action=reinterpret pc=0x000001c887b35b08 method=java.lang.AbstractStringBuilder.isLatin1()Z @ 10 c2
Event: 11.308 Thread 0x000001c891356800 Uncommon trap: reason=unstable_if action=reinterpret pc=0x000001c887add170 method=java.lang.String.isLatin1()Z @ 10 c2

Classes redefined (0 events):
No events

Internal exceptions (10 events):
Event: 5.491 Thread 0x000001c891356800 Exception <a 'java/lang/NoSuchMethodError'{0x00000000ffd0e8b8}: java.lang.invoke.DirectMethodHandle$Holder.invokeStatic(Ljava/lang/Object;J)V> (0x00000000ffd0e8b8) thrown at [./open/src/hotspot/share/interpreter/linkResolver.cpp, line 772]
Event: 5.492 Thread 0x000001c891356800 Exception <a 'java/lang/NoSuchMethodError'{0x00000000ffd13818}: java.lang.invoke.DirectMethodHandle$Holder.invokeStatic(Ljava/lang/Object;J)Ljava/lang/Object;> (0x00000000ffd13818) thrown at [./open/src/hotspot/share/interpreter/linkResolver.cpp, line 772
Event: 5.495 Thread 0x000001c891356800 Exception <a 'java/lang/NoSuchMethodError'{0x00000000ffd21950}: java.lang.invoke.DirectMethodHandle$Holder.invokeStaticInit(Ljava/lang/Object;Ljava/lang/Object;JLjava/lang/Object;)Ljava/lang/Object;> (0x00000000ffd21950) thrown at [./open/src/hotspot/shar
Event: 5.495 Thread 0x000001c891356800 Exception <a 'java/lang/NoSuchMethodError'{0x00000000ffd27838}: java.lang.invoke.DirectMethodHandle$Holder.invokeStatic(Ljava/lang/Object;Ljava/lang/Object;J)Ljava/lang/Object;> (0x00000000ffd27838) thrown at [./open/src/hotspot/share/interpreter/linkReso
Event: 5.496 Thread 0x000001c891356800 Exception <a 'java/lang/NoSuchMethodError'{0x00000000ffd2db08}: java.lang.invoke.Invokers$Holder.linkToTargetMethod(Ljava/lang/Object;JLjava/lang/Object;)Ljava/lang/Object;> (0x00000000ffd2db08) thrown at [./open/src/hotspot/share/interpreter/linkResolver
Event: 31.450 Thread 0x000001c8f5db3000 Exception <a 'java/lang/NoSuchMethodError'{0x00000000ffb28340}: static Lorg/gradle/tooling/internal/provider/serialization/ClassLoaderDetails;.<clinit>()V> (0x00000000ffb28340) thrown at [./open/src/hotspot/share/prims/jni.cpp, line 1366]
Event: 31.453 Thread 0x000001c8f5db3000 Exception <a 'java/lang/NoSuchMethodError'{0x00000000ffb43fe8}: static Lorg/gradle/internal/classloader/ClassLoaderSpec;.<clinit>()V> (0x00000000ffb43fe8) thrown at [./open/src/hotspot/share/prims/jni.cpp, line 1366]
Event: 31.454 Thread 0x000001c8f5db3000 Exception <a 'java/lang/NoSuchMethodError'{0x00000000ffb4fb88}: static Lorg/gradle/tooling/internal/provider/serialization/WellKnownClassLoaderRegistry$KnownClassLoaderSpec;.<clinit>()V> (0x00000000ffb4fb88) thrown at [./open/src/hotspot/share/prims/jni.c
Event: 31.456 Thread 0x000001c8f5db3000 Exception <a 'java/lang/NoSuchMethodError'{0x00000000ffb66c80}: static Lorg/gradle/internal/classloader/ClassLoaderSpec;.<clinit>()V> (0x00000000ffb66c80) thrown at [./open/src/hotspot/share/prims/jni.cpp, line 1366]
Event: 31.459 Thread 0x000001c8f5db3000 Exception <a 'java/lang/NoSuchMethodError'{0x00000000ffb794e0}: static Lorg/gradle/internal/classloader/VisitableURLClassLoader$Spec;.<clinit>()V> (0x00000000ffb794e0) thrown at [./open/src/hotspot/share/prims/jni.cpp, line 1366]

Events (10 events):
Event: 31.487 loading class org/gradle/launcher/bootstrap/ProcessCompleter done
Event: 31.488 loading class java/util/IdentityHashMap$KeyIterator
Event: 31.488 loading class java/util/IdentityHashMap$IdentityHashMapIterator
Event: 31.488 loading class java/util/IdentityHashMap$IdentityHashMapIterator done
Event: 31.488 loading class java/util/IdentityHashMap$KeyIterator done
Event: 31.488 Thread 0x000001c890b59800 Thread added: 0x000001c890b59800
Event: 31.489 Executing VM operation: RevokeBias
Event: 31.497 Executing VM operation: RevokeBias done
Event: 31.498 Executing VM operation: RevokeBias
Event: 31.498 Executing VM operation: RevokeBias done


Dynamic libraries:
0x00007ff6ff230000 - 0x00007ff6ff240000 	C:\Program Files\Java\jdk-11\bin\java.exe
0x00007ffc6c730000 - 0x00007ffc6c928000 	C:\WINDOWS\SYSTEM32\ntdll.dll
0x00007ffc6a790000 - 0x00007ffc6a84f000 	C:\WINDOWS\System32\KERNEL32.DLL
0x00007ffc6a480000 - 0x00007ffc6a75a000 	C:\WINDOWS\System32\KERNELBASE.dll
0x00007ffc69e40000 - 0x00007ffc69f40000 	C:\WINDOWS\System32\ucrtbase.dll
0x00007ffc5eb20000 - 0x00007ffc5eb3b000 	C:\Program Files\Java\jdk-11\bin\VCRUNTIME140.dll
0x00007ffc5eb40000 - 0x00007ffc5eb58000 	C:\Program Files\Java\jdk-11\bin\jli.dll
0x00007ffc6b550000 - 0x00007ffc6b5fe000 	C:\WINDOWS\System32\ADVAPI32.dll
0x00007ffc6c3c0000 - 0x00007ffc6c45e000 	C:\WINDOWS\System32\msvcrt.dll
0x00007ffc6b250000 - 0x00007ffc6b2ec000 	C:\WINDOWS\System32\sechost.dll
0x00007ffc6b6b0000 - 0x00007ffc6b7d6000 	C:\WINDOWS\System32\RPCRT4.dll
0x00007ffc6c490000 - 0x00007ffc6c62d000 	C:\WINDOWS\System32\USER32.dll
0x00007ffc6a760000 - 0x00007ffc6a782000 	C:\WINDOWS\System32\win32u.dll
0x00007ffc5ac50000 - 0x00007ffc5aeea000 	C:\WINDOWS\WinSxS\amd64_microsoft.windows.common-controls_6595b64144ccf1df_6.0.19041.1110_none_60b5254171f9507e\COMCTL32.dll
0x00007ffc6bc40000 - 0x00007ffc6bc6b000 	C:\WINDOWS\System32\GDI32.dll
0x00007ffc69f40000 - 0x00007ffc6a050000 	C:\WINDOWS\System32\gdi32full.dll
0x00007ffc6a0e0000 - 0x00007ffc6a17d000 	C:\WINDOWS\System32\msvcp_win.dll
0x00007ffc5ea70000 - 0x00007ffc5ea7a000 	C:\WINDOWS\SYSTEM32\VERSION.dll
0x00007ffc6c460000 - 0x00007ffc6c490000 	C:\WINDOWS\System32\IMM32.DLL
0x00007ffc65890000 - 0x00007ffc6589c000 	C:\Program Files\Java\jdk-11\bin\vcruntime140_1.dll
0x00007ffc468e0000 - 0x00007ffc4696e000 	C:\Program Files\Java\jdk-11\bin\msvcp140.dll
0x00007ffc029a0000 - 0x00007ffc03508000 	C:\Program Files\Java\jdk-11\bin\server\jvm.dll
0x00007ffc6c6e0000 - 0x00007ffc6c6e8000 	C:\WINDOWS\System32\PSAPI.DLL
0x00007ffc5c3b0000 - 0x00007ffc5c3d7000 	C:\WINDOWS\SYSTEM32\WINMM.dll
0x00007ffc656b0000 - 0x00007ffc656b9000 	C:\WINDOWS\SYSTEM32\WSOCK32.dll
0x00007ffc6b2f0000 - 0x00007ffc6b35b000 	C:\WINDOWS\System32\WS2_32.dll
0x00007ffc67d00000 - 0x00007ffc67d12000 	C:\WINDOWS\SYSTEM32\kernel.appcore.dll
0x00007ffc65860000 - 0x00007ffc65870000 	C:\Program Files\Java\jdk-11\bin\verify.dll
0x00007ffc56a50000 - 0x00007ffc56c34000 	C:\WINDOWS\SYSTEM32\DBGHELP.DLL
0x00007ffc569e0000 - 0x00007ffc56a14000 	C:\WINDOWS\SYSTEM32\dbgcore.DLL
0x00007ffc6a050000 - 0x00007ffc6a0d2000 	C:\WINDOWS\System32\bcryptPrimitives.dll
0x00007ffc5e5a0000 - 0x00007ffc5e5c8000 	C:\Program Files\Java\jdk-11\bin\java.dll
0x00007ffc656a0000 - 0x00007ffc656aa000 	C:\Program Files\Java\jdk-11\bin\jimage.dll
0x00007ffc5e370000 - 0x00007ffc5e387000 	C:\Program Files\Java\jdk-11\bin\zip.dll
0x00007ffc6bc70000 - 0x00007ffc6c3b4000 	C:\WINDOWS\System32\SHELL32.dll
0x00007ffc67f00000 - 0x00007ffc68693000 	C:\WINDOWS\SYSTEM32\windows.storage.dll
0x00007ffc6b8d0000 - 0x00007ffc6bc24000 	C:\WINDOWS\System32\combase.dll
0x00007ffc697c0000 - 0x00007ffc697ee000 	C:\WINDOWS\SYSTEM32\Wldp.dll
0x00007ffc6b600000 - 0x00007ffc6b6ad000 	C:\WINDOWS\System32\SHCORE.dll
0x00007ffc6b360000 - 0x00007ffc6b3b5000 	C:\WINDOWS\System32\shlwapi.dll
0x00007ffc69d80000 - 0x00007ffc69d9f000 	C:\WINDOWS\SYSTEM32\profapi.dll
0x00007ffc59ff0000 - 0x00007ffc5a009000 	C:\Program Files\Java\jdk-11\bin\net.dll
0x00007ffc61200000 - 0x00007ffc6130a000 	C:\WINDOWS\SYSTEM32\WINHTTP.dll
0x00007ffc69520000 - 0x00007ffc6958a000 	C:\WINDOWS\system32\mswsock.dll
0x00007ffc59f10000 - 0x00007ffc59f22000 	C:\Program Files\Java\jdk-11\bin\nio.dll
0x00007ffc55400000 - 0x00007ffc55427000 	C:\Users\ASUS\.gradle\native\e1d6ef7f7dcc3fd88c89a11ec53ec762bb8ba0a96d01ffa2cd45eb1d1d8dd5c5\windows-amd64\native-platform.dll
0x00007ffc65490000 - 0x00007ffc65499000 	C:\Program Files\Java\jdk-11\bin\management.dll
0x00007ffc65440000 - 0x00007ffc6544b000 	C:\Program Files\Java\jdk-11\bin\management_ext.dll
0x00007ffc69710000 - 0x00007ffc69728000 	C:\WINDOWS\SYSTEM32\CRYPTSP.dll
0x00007ffc68e40000 - 0x00007ffc68e74000 	C:\WINDOWS\system32\rsaenh.dll
0x00007ffc6a450000 - 0x00007ffc6a477000 	C:\WINDOWS\System32\bcrypt.dll
0x00007ffc69d40000 - 0x00007ffc69d6e000 	C:\WINDOWS\SYSTEM32\USERENV.dll
0x00007ffc69730000 - 0x00007ffc6973c000 	C:\WINDOWS\SYSTEM32\CRYPTBASE.dll
0x00007ffc69210000 - 0x00007ffc6924c000 	C:\WINDOWS\SYSTEM32\IPHLPAPI.DLL
0x00007ffc6bc30000 - 0x00007ffc6bc38000 	C:\WINDOWS\System32\NSI.dll
0x00007ffc62370000 - 0x00007ffc62387000 	C:\WINDOWS\SYSTEM32\dhcpcsvc6.DLL
0x00007ffc62350000 - 0x00007ffc6236d000 	C:\WINDOWS\SYSTEM32\dhcpcsvc.DLL
0x00007ffc69250000 - 0x00007ffc6931b000 	C:\WINDOWS\SYSTEM32\DNSAPI.dll

dbghelp: loaded successfully - version: 4.0.5 - missing functions: none
symbol engine: initialized successfully - sym options: 0x614 - pdb path: .;C:\Program Files\Java\jdk-11\bin;C:\WINDOWS\SYSTEM32;C:\WINDOWS\WinSxS\amd64_microsoft.windows.common-controls_6595b64144ccf1df_6.0.19041.1110_none_60b5254171f9507e;C:\Program Files\Java\jdk-11\bin\server;C:\Users\ASUS\.gradle\native\e1d6ef7f7dcc3fd88c89a11ec53ec762bb8ba0a96d01ffa2cd45eb1d1d8dd5c5\windows-amd64

VM Arguments:
jvm_args: -Xmx64m -Xms64m -Dorg.gradle.appname=gradlew 
java_command: org.gradle.wrapper.GradleWrapperMain app:installDebug -PreactNativeDevServerPort=8081
java_class_path (initial): D:\!_Documents\GitHub\coinswallet\android\\gradle\wrapper\gradle-wrapper.jar
Launcher Type: SUN_STANDARD

[Global flags]
     intx CICompilerCount                          = 4                                         {product} {ergonomic}
     uint ConcGCThreads                            = 2                                         {product} {ergonomic}
     uint G1ConcRefinementThreads                  = 8                                         {product} {ergonomic}
   size_t G1HeapRegionSize                         = 1048576                                   {product} {ergonomic}
    uintx GCDrainStackTargetSize                   = 64                                        {product} {ergonomic}
   size_t InitialHeapSize                          = 67108864                                  {product} {command line}
   size_t MarkStackSize                            = 4194304                                   {product} {ergonomic}
   size_t MaxHeapSize                              = 67108864                                  {product} {command line}
   size_t MaxNewSize                               = 39845888                                  {product} {ergonomic}
   size_t MinHeapDeltaBytes                        = 1048576                                   {product} {ergonomic}
    uintx NonNMethodCodeHeapSize                   = 5836300                                {pd product} {ergonomic}
    uintx NonProfiledCodeHeapSize                  = 122910970                              {pd product} {ergonomic}
    uintx ProfiledCodeHeapSize                     = 122910970                              {pd product} {ergonomic}
    uintx ReservedCodeCacheSize                    = 251658240                              {pd product} {ergonomic}
     bool SegmentedCodeCache                       = true                                      {product} {ergonomic}
     bool UseCompressedClassPointers               = true                                 {lp64_product} {ergonomic}
     bool UseCompressedOops                        = true                                 {lp64_product} {ergonomic}
     bool UseG1GC                                  = true                                      {product} {ergonomic}
     bool UseLargePagesIndividualAllocation        = false                                  {pd product} {ergonomic}

Logging:
Log output configuration:
 #0: stdout all=warning uptime,level,tags
 #1: stderr all=off uptime,level,tags

Environment Variables:
JAVA_HOME=C:\Program Files\Java\jdk-11
CLASSPATH=D:\!_Documents\GitHub\coinswallet\android\\gradle\wrapper\gradle-wrapper.jar
PATH=D:\!_Documents\GitHub\coinswallet\android\node_modules\.bin;D:\!_Documents\GitHub\coinswallet\node_modules\.bin;D:\!_Documents\GitHub\node_modules\.bin;D:\!_Documents\node_modules\.bin;D:\node_modules\.bin;C:\Program Files\nodejs;D:\!_Documents\GitHub\coinswallet\node_modules\.bin;D:\!_Documents\GitHub\coinswallet\node_modules\.bin;D:\!_Documents\GitHub\node_modules\.bin;D:\!_Documents\node_modules\.bin;D:\node_modules\.bin;C:\Program Files\nodejs\node_modules\npm\node_modules\@npmcli\run-script\lib\node-gyp-bin;D:\!_Documents\GitHub\coinswallet\node_modules\.bin;D:\!_Documents\GitHub\node_modules\.bin;D:\!_Documents\node_modules\.bin;D:\node_modules\.bin;C:\Program Files\nodejs;D:\!_Documents\GitHub\coinswallet\node_modules\.bin;D:\!_Documents\GitHub\coinswallet\node_modules\.bin;D:\!_Documents\GitHub\node_modules\.bin;D:\!_Documents\node_modules\.bin;D:\node_modules\.bin;C:\Program Files\nodejs\node_modules\npm\node_modules\@npmcli\run-script\lib\node-gyp-bin;C:\Program Files\Common Files\Oracle\Java\javapath;C:\Python311\Scripts\;C:\Python311\;C:\User\Asus\AppData\Local\Android\sdk\platform-tools;C:\ProgramData\chocolatey\bin;C:\Program Files\nodejs\;C:\Users\ASUS\AppData\Local\Programs\Python\Python310\Scripts\;C:\Users\ASUS\AppData\Local\Programs\Python\Python310\;C:\Users\ASUS\AppData\Local\Microsoft\WindowsApps;C:\Users\ASUS\AppData\Local\Programs\Microsoft VS Code\bin;C:\Program Files\JetBrains\PyCharm Community Edition 2022.2.2\bin;;C:\Users\ASUS\AppData\Local\GitHubDesktop\bin;C:\Users\ASUS\AppData\Roaming\npm
USERNAME=ASUS
OS=Windows_NT
PROCESSOR_IDENTIFIER=Intel64 Family 6 Model 58 Stepping 9, GenuineIntel



---------------  S Y S T E M  ---------------

OS: Windows 10 , 64 bit Build 19041 (10.0.19041.2788)

CPU:total 8 (initial active 8) (4 cores per cpu, 2 threads per core) family 6 model 58 stepping 9 microcode 0x21, cmov, cx8, fxsr, mmx, sse, sse2, sse3, ssse3, sse4.1, sse4.2, popcnt, avx, aes, clmul, erms, ht, tsc, tscinvbit, tscinv

Memory: 4k page, system-wide physical 12173M (495M free)
TotalPageFile size 15173M (AvailPageFile size 0M)
current process WorkingSet (physical memory assigned to process): 95M, peak: 100M
current process commit charge ("private bytes"): 163M, peak: 169M

vm_info: Java HotSpot(TM) 64-Bit Server VM (11.0.18+9-LTS-195) for windows-amd64 JRE (11.0.18+9-LTS-195), built on Dec  6 2022 15:50:58 by "mach5one" with MS VC++ 17.1 (VS2022)

END.
